<?xml version="1.0" encoding="UTF-8"?>
<coverage generated="1571989613070" clover="3.2.0">
  <project timestamp="1571989613070" name="All files">
    <metrics statements="4" coveredstatements="2" conditionals="0" coveredconditionals="0" methods="2" coveredmethods="0" elements="6" coveredelements="2" complexity="0" loc="4" ncloc="4" packages="1" files="2" classes="2"/>
    <file name="name.js" path="D:\VUE-CLI\src\views\name.js">
      <metrics statements="2" coveredstatements="1" conditionals="0" coveredconditionals="0" methods="1" coveredmethods="0"/>
      <line num="2" count="0" type="stmt"/>
      <line num="4" count="1" type="stmt"/>
    </file>
    <file name="sum.js" path="D:\VUE-CLI\src\views\sum.js">
      <metrics statements="2" coveredstatements="1" conditionals="0" coveredconditionals="0" methods="1" coveredmethods="0"/>
      <line num="2" count="0" type="stmt"/>
      <line num="4" count="1" type="stmt"/>
    </file>
  </project>
</coverage>
